TN:
SF:src\controllers\alert.controller.js
FN:6,(anonymous_0)
FN:38,(anonymous_1)
FN:48,(anonymous_2)
FN:49,(anonymous_3)
FN:50,(anonymous_4)
FN:51,(anonymous_5)
FN:53,(anonymous_6)
FN:54,(anonymous_7)
FN:55,(anonymous_8)
FN:58,(anonymous_9)
FN:82,(anonymous_10)
FNF:11
FNH:0
FNDA:0,(anonymous_0)
FNDA:0,(anonymous_1)
FNDA:0,(anonymous_2)
FNDA:0,(anonymous_3)
FNDA:0,(anonymous_4)
FNDA:0,(anonymous_5)
FNDA:0,(anonymous_6)
FNDA:0,(anonymous_7)
FNDA:0,(anonymous_8)
FNDA:0,(anonymous_9)
FNDA:0,(anonymous_10)
DA:1,0
DA:2,0
DA:7,0
DA:8,0
DA:11,0
DA:39,0
DA:40,0
DA:43,0
DA:45,0
DA:47,0
DA:48,0
DA:49,0
DA:50,0
DA:51,0
DA:53,0
DA:54,0
DA:55,0
DA:58,0
DA:60,0
DA:74,0
DA:82,0
DA:83,0
DA:84,0
DA:85,0
DA:87,0
DA:88,0
DA:90,0
DA:91,0
DA:93,0
DA:94,0
DA:96,0
DA:97,0
DA:99,0
DA:102,0
DA:120,0
DA:134,0
DA:141,0
DA:148,0
DA:149,0
DA:158,0
LF:40
LH:0
BRDA:45,0,0,0
BRDA:45,0,1,0
BRDA:84,1,0,0
BRDA:84,1,1,0
BRDA:87,2,0,0
BRDA:87,2,1,0
BRDA:87,3,0,0
BRDA:87,3,1,0
BRDA:90,4,0,0
BRDA:90,4,1,0
BRDA:93,5,0,0
BRDA:93,5,1,0
BRDA:93,6,0,0
BRDA:93,6,1,0
BRDA:96,7,0,0
BRDA:96,7,1,0
BRDA:108,8,0,0
BRDA:108,8,1,0
BRDA:109,9,0,0
BRDA:109,9,1,0
BRDA:110,10,0,0
BRDA:110,10,1,0
BRDA:111,11,0,0
BRDA:111,11,1,0
BRDA:112,12,0,0
BRDA:112,12,1,0
BRDA:113,13,0,0
BRDA:113,13,1,0
BRDA:114,14,0,0
BRDA:114,14,1,0
BRF:30
BRH:0
end_of_record
TN:
SF:src\controllers\analytics.controller.js
FN:6,(anonymous_0)
FN:16,(anonymous_1)
FN:22,(anonymous_2)
FN:22,(anonymous_3)
FN:23,(anonymous_4)
FN:23,(anonymous_5)
FN:24,(anonymous_6)
FN:24,(anonymous_7)
FNF:8
FNH:0
FNDA:0,(anonymous_0)
FNDA:0,(anonymous_1)
FNDA:0,(anonymous_2)
FNDA:0,(anonymous_3)
FNDA:0,(anonymous_4)
FNDA:0,(anonymous_5)
FNDA:0,(anonymous_6)
FNDA:0,(anonymous_7)
DA:1,0
DA:2,0
DA:7,0
DA:9,0
DA:16,0
DA:18,0
DA:20,0
DA:22,0
DA:23,0
DA:24,0
DA:26,0
DA:33,0
DA:39,0
DA:40,0
DA:49,0
LF:15
LH:0
BRDA:20,0,0,0
BRDA:20,0,1,0
BRDA:27,1,0,0
BRDA:27,1,1,0
BRDA:28,2,0,0
BRDA:28,2,1,0
BRDA:29,3,0,0
BRDA:29,3,1,0
BRF:8
BRH:0
end_of_record
TN:
SF:src\controllers\camera.controller.js
FN:6,(anonymous_0)
FN:16,(anonymous_1)
FN:19,(anonymous_2)
FN:42,(anonymous_3)
FN:81,(anonymous_4)
FN:82,(anonymous_5)
FN:83,(anonymous_6)
FN:108,(anonymous_7)
FN:238,(anonymous_8)
FN:251,(anonymous_9)
FN:274,(anonymous_10)
FN:287,(anonymous_11)
FN:312,(anonymous_12)
FN:325,(anonymous_13)
FNF:14
FNH:0
FNDA:0,(anonymous_0)
FNDA:0,(anonymous_1)
FNDA:0,(anonymous_2)
FNDA:0,(anonymous_3)
FNDA:0,(anonymous_4)
FNDA:0,(anonymous_5)
FNDA:0,(anonymous_6)
FNDA:0,(anonymous_7)
FNDA:0,(anonymous_8)
FNDA:0,(anonymous_9)
FNDA:0,(anonymous_10)
FNDA:0,(anonymous_11)
FNDA:0,(anonymous_12)
FNDA:0,(anonymous_13)
DA:1,0
DA:2,0
DA:7,0
DA:8,0
DA:16,0
DA:19,0
DA:21,0
DA:42,0
DA:44,0
DA:79,0
DA:81,0
DA:82,0
DA:83,0
DA:87,0
DA:89,0
DA:96,0
DA:98,0
DA:109,0
DA:124,0
DA:127,0
DA:128,0
DA:135,0
DA:139,0
DA:140,0
DA:147,0
DA:151,0
DA:152,0
DA:159,0
DA:160,0
DA:161,0
DA:168,0
DA:169,0
DA:170,0
DA:177,0
DA:178,0
DA:185,0
DA:202,0
DA:209,0
DA:229,0
DA:230,0
DA:239,0
DA:240,0
DA:251,0
DA:259,0
DA:265,0
DA:266,0
DA:275,0
DA:276,0
DA:287,0
DA:297,0
DA:303,0
DA:304,0
DA:313,0
DA:314,0
DA:316,0
DA:325,0
DA:333,0
DA:339,0
DA:340,0
DA:348,0
LF:60
LH:0
BRDA:19,0,0,0
BRDA:19,0,1,0
BRDA:48,1,0,0
BRDA:48,1,1,0
BRDA:49,2,0,0
BRDA:49,2,1,0
BRDA:50,3,0,0
BRDA:50,3,1,0
BRDA:52,4,0,0
BRDA:52,4,1,0
BRDA:53,5,0,0
BRDA:53,5,1,0
BRDA:55,6,0,0
BRDA:55,6,1,0
BRDA:56,7,0,0
BRDA:56,7,1,0
BRDA:57,8,0,0
BRDA:57,8,1,0
BRDA:58,9,0,0
BRDA:58,9,1,0
BRDA:60,10,0,0
BRDA:60,10,1,0
BRDA:79,11,0,0
BRDA:79,11,1,0
BRDA:84,12,0,0
BRDA:84,12,1,0
BRDA:87,13,0,0
BRDA:87,13,1,0
BRDA:87,14,0,0
BRDA:87,14,1,0
BRDA:101,15,0,0
BRDA:101,15,1,0
BRDA:102,16,0,0
BRDA:102,16,1,0
BRDA:116,17,0,0
BRDA:120,18,0,0
BRDA:123,19,0,0
BRDA:127,20,0,0
BRDA:127,20,1,0
BRDA:127,21,0,0
BRDA:127,21,1,0
BRDA:127,21,2,0
BRDA:127,21,3,0
BRDA:127,21,4,0
BRDA:139,22,0,0
BRDA:139,22,1,0
BRDA:151,23,0,0
BRDA:151,23,1,0
BRDA:160,24,0,0
BRDA:160,24,1,0
BRDA:169,25,0,0
BRDA:169,25,1,0
BRDA:177,26,0,0
BRDA:177,26,1,0
BRDA:192,27,0,0
BRDA:192,27,1,0
BRDA:193,28,0,0
BRDA:193,28,1,0
BRDA:194,29,0,0
BRDA:194,29,1,0
BRDA:196,30,0,0
BRDA:196,30,1,0
BRDA:197,31,0,0
BRDA:197,31,1,0
BRDA:218,32,0,0
BRDA:218,32,1,0
BRDA:219,33,0,0
BRDA:219,33,1,0
BRDA:256,34,0,0
BRDA:256,34,1,0
BRDA:291,35,0,0
BRDA:291,35,1,0
BRF:72
BRH:0
end_of_record
TN:
SF:src\controllers\compliance.controller.js
FN:6,(anonymous_0)
FN:29,(anonymous_1)
FN:33,(anonymous_2)
FN:34,(anonymous_3)
FN:35,(anonymous_4)
FN:40,(anonymous_5)
FN:60,(anonymous_6)
FN:63,(anonymous_7)
FN:67,(anonymous_8)
FN:94,(anonymous_9)
FN:101,(anonymous_10)
FNF:11
FNH:0
FNDA:0,(anonymous_0)
FNDA:0,(anonymous_1)
FNDA:0,(anonymous_2)
FNDA:0,(anonymous_3)
FNDA:0,(anonymous_4)
FNDA:0,(anonymous_5)
FNDA:0,(anonymous_6)
FNDA:0,(anonymous_7)
FNDA:0,(anonymous_8)
FNDA:0,(anonymous_9)
FNDA:0,(anonymous_10)
DA:1,0
DA:2,0
DA:7,0
DA:9,0
DA:29,0
DA:31,0
DA:33,0
DA:34,0
DA:35,0
DA:36,0
DA:39,0
DA:40,0
DA:41,0
DA:42,0
DA:43,0
DA:53,0
DA:54,0
DA:55,0
DA:56,0
DA:60,0
DA:63,0
DA:66,0
DA:67,0
DA:68,0
DA:69,0
DA:70,0
DA:80,0
DA:81,0
DA:82,0
DA:83,0
DA:86,0
DA:87,0
DA:88,0
DA:89,0
DA:94,0
DA:101,0
DA:104,0
DA:115,0
DA:122,0
DA:129,0
DA:130,0
DA:139,0
LF:42
LH:0
BRDA:31,0,0,0
BRDA:31,0,1,0
BRDA:41,1,0,0
BRDA:41,1,1,0
BRDA:42,2,0,0
BRDA:42,2,1,0
BRDA:45,3,0,0
BRDA:45,3,1,0
BRDA:46,4,0,0
BRDA:46,4,1,0
BRDA:54,5,0,0
BRDA:54,5,1,0
BRDA:55,6,0,0
BRDA:55,6,1,0
BRDA:68,7,0,0
BRDA:68,7,1,0
BRDA:69,8,0,0
BRDA:69,8,1,0
BRDA:81,9,0,0
BRDA:81,9,1,0
BRDA:82,10,0,0
BRDA:82,10,1,0
BRDA:86,11,0,0
BRDA:86,11,1,0
BRDA:88,12,0,0
BRDA:88,12,1,0
BRF:26
BRH:0
end_of_record
TN:
SF:src\controllers\dashboard.controller.js
FN:6,(anonymous_0)
FN:10,(anonymous_1)
FN:11,(anonymous_2)
FN:12,(anonymous_3)
FN:13,(anonymous_4)
FN:14,(anonymous_5)
FN:20,(anonymous_6)
FN:40,(anonymous_7)
FN:41,(anonymous_8)
FN:42,(anonymous_9)
FN:43,(anonymous_10)
FN:46,(anonymous_11)
FNF:12
FNH:0
FNDA:0,(anonymous_0)
FNDA:0,(anonymous_1)
FNDA:0,(anonymous_2)
FNDA:0,(anonymous_3)
FNDA:0,(anonymous_4)
FNDA:0,(anonymous_5)
FNDA:0,(anonymous_6)
FNDA:0,(anonymous_7)
FNDA:0,(anonymous_8)
FNDA:0,(anonymous_9)
FNDA:0,(anonymous_10)
FNDA:0,(anonymous_11)
DA:1,0
DA:2,0
DA:7,0
DA:9,0
DA:10,0
DA:11,0
DA:12,0
DA:13,0
DA:14,0
DA:20,0
DA:23,0
DA:27,0
DA:30,0
DA:32,0
DA:40,0
DA:41,0
DA:42,0
DA:43,0
DA:46,0
DA:64,0
DA:70,0
DA:72,0
DA:81,0
LF:23
LH:0
BRDA:27,0,0,0
BRDA:27,0,1,0
BRDA:27,0,2,0
BRDA:32,1,0,0
BRDA:32,1,1,0
BRDA:35,2,0,0
BRDA:35,2,1,0
BRDA:50,3,0,0
BRDA:50,3,1,0
BRF:9
BRH:0
end_of_record
TN:
SF:src\controllers\map.controller.js
FN:6,(anonymous_0)
FN:17,(anonymous_1)
FN:30,(anonymous_2)
FN:37,(anonymous_3)
FN:43,(anonymous_4)
FN:47,(anonymous_5)
FN:48,(anonymous_6)
FN:49,(anonymous_7)
FN:54,(anonymous_8)
FN:55,(anonymous_9)
FN:56,(anonymous_10)
FN:99,(anonymous_11)
FN:100,(anonymous_12)
FN:101,(anonymous_13)
FN:102,(anonymous_14)
FN:103,(anonymous_15)
FNF:16
FNH:0
FNDA:0,(anonymous_0)
FNDA:0,(anonymous_1)
FNDA:0,(anonymous_2)
FNDA:0,(anonymous_3)
FNDA:0,(anonymous_4)
FNDA:0,(anonymous_5)
FNDA:0,(anonymous_6)
FNDA:0,(anonymous_7)
FNDA:0,(anonymous_8)
FNDA:0,(anonymous_9)
FNDA:0,(anonymous_10)
FNDA:0,(anonymous_11)
FNDA:0,(anonymous_12)
FNDA:0,(anonymous_13)
FNDA:0,(anonymous_14)
FNDA:0,(anonymous_15)
DA:1,0
DA:2,0
DA:7,0
DA:9,0
DA:17,0
DA:19,0
DA:20,0
DA:26,0
DA:30,0
DA:31,0
DA:34,0
DA:37,0
DA:40,0
DA:43,0
DA:46,0
DA:47,0
DA:48,0
DA:49,0
DA:53,0
DA:54,0
DA:55,0
DA:56,0
DA:60,0
DA:61,0
DA:62,0
DA:63,0
DA:64,0
DA:68,0
DA:69,0
DA:70,0
DA:71,0
DA:72,0
DA:73,0
DA:78,0
DA:81,0
DA:97,0
DA:99,0
DA:100,0
DA:101,0
DA:102,0
DA:103,0
DA:106,0
DA:113,0
DA:114,0
DA:124,0
LF:45
LH:0
BRDA:19,0,0,0
BRDA:19,0,1,0
BRDA:23,1,0,0
BRDA:23,1,1,0
BRDA:24,2,0,0
BRDA:24,2,1,0
BRDA:61,3,0,0
BRDA:61,3,1,0
BRDA:63,4,0,0
BRDA:63,4,1,0
BRDA:63,5,0,0
BRDA:63,5,1,0
BRDA:70,6,0,0
BRDA:70,6,1,0
BRDA:72,7,0,0
BRDA:72,7,1,0
BRDA:72,8,0,0
BRDA:72,8,1,0
BRDA:73,9,0,0
BRDA:73,9,1,0
BRDA:73,10,0,0
BRDA:73,10,1,0
BRDA:84,11,0,0
BRDA:84,11,1,0
BRDA:117,12,0,0
BRDA:117,12,1,0
BRDA:118,13,0,0
BRDA:118,13,1,0
BRF:28
BRH:0
end_of_record
TN:
SF:src\controllers\nvr.controller.js
FN:6,(anonymous_0)
FN:23,(anonymous_1)
FN:26,(anonymous_2)
FN:52,(anonymous_3)
FN:116,(anonymous_4)
FN:117,(anonymous_5)
FN:118,(anonymous_6)
FN:143,(anonymous_7)
FN:264,(anonymous_8)
FN:277,(anonymous_9)
FNF:10
FNH:0
FNDA:0,(anonymous_0)
FNDA:0,(anonymous_1)
FNDA:0,(anonymous_2)
FNDA:0,(anonymous_3)
FNDA:0,(anonymous_4)
FNDA:0,(anonymous_5)
FNDA:0,(anonymous_6)
FNDA:0,(anonymous_7)
FNDA:0,(anonymous_8)
FNDA:0,(anonymous_9)
DA:1,0
DA:2,0
DA:7,0
DA:8,0
DA:23,0
DA:26,0
DA:28,0
DA:52,0
DA:55,0
DA:56,0
DA:57,0
DA:59,0
DA:114,0
DA:116,0
DA:117,0
DA:118,0
DA:122,0
DA:124,0
DA:131,0
DA:133,0
DA:144,0
DA:164,0
DA:167,0
DA:168,0
DA:175,0
DA:179,0
DA:180,0
DA:187,0
DA:191,0
DA:192,0
DA:199,0
DA:200,0
DA:201,0
DA:208,0
DA:231,0
DA:239,0
DA:255,0
DA:256,0
DA:265,0
DA:266,0
DA:277,0
DA:285,0
DA:291,0
DA:292,0
DA:300,0
LF:45
LH:0
BRDA:26,0,0,0
BRDA:26,0,1,0
BRDA:55,1,0,0
BRDA:55,1,1,0
BRDA:56,2,0,0
BRDA:56,2,1,0
BRDA:57,3,0,0
BRDA:57,3,1,0
BRDA:62,4,0,0
BRDA:62,4,1,0
BRDA:63,5,0,0
BRDA:63,5,1,0
BRDA:65,6,0,0
BRDA:65,6,1,0
BRDA:66,7,0,0
BRDA:66,7,1,0
BRDA:67,8,0,0
BRDA:67,8,1,0
BRDA:68,9,0,0
BRDA:68,9,1,0
BRDA:69,10,0,0
BRDA:69,10,1,0
BRDA:75,11,0,0
BRDA:75,11,1,0
BRDA:78,12,0,0
BRDA:78,12,1,0
BRDA:92,13,0,0
BRDA:92,13,1,0
BRDA:114,14,0,0
BRDA:114,14,1,0
BRDA:119,15,0,0
BRDA:119,15,1,0
BRDA:122,16,0,0
BRDA:122,16,1,0
BRDA:122,17,0,0
BRDA:122,17,1,0
BRDA:136,18,0,0
BRDA:136,18,1,0
BRDA:137,19,0,0
BRDA:137,19,1,0
BRDA:149,20,0,0
BRDA:156,21,0,0
BRDA:157,22,0,0
BRDA:161,23,0,0
BRDA:163,24,0,0
BRDA:167,25,0,0
BRDA:167,25,1,0
BRDA:167,26,0,0
BRDA:167,26,1,0
BRDA:167,26,2,0
BRDA:179,27,0,0
BRDA:179,27,1,0
BRDA:191,28,0,0
BRDA:191,28,1,0
BRDA:200,29,0,0
BRDA:200,29,1,0
BRDA:221,30,0,0
BRDA:221,30,1,0
BRDA:222,31,0,0
BRDA:222,31,1,0
BRDA:223,32,0,0
BRDA:223,32,1,0
BRDA:225,33,0,0
BRDA:225,33,1,0
BRDA:247,34,0,0
BRDA:247,34,1,0
BRDA:282,35,0,0
BRDA:282,35,1,0
BRF:68
BRH:0
end_of_record
TN:
SF:src\controllers\profile.controller.js
FN:5,(anonymous_0)
FN:10,(anonymous_1)
FNF:2
FNH:0
FNDA:0,(anonymous_0)
FNDA:0,(anonymous_1)
DA:1,0
DA:6,0
DA:8,0
DA:10,0
DA:12,0
DA:20,0
DA:26,0
DA:27,0
DA:42,0
LF:9
LH:0
BRDA:8,0,0,0
BRDA:8,0,1,0
BRDA:12,1,0,0
BRDA:12,1,1,0
BRF:4
BRH:0
end_of_record
TN:
SF:src\controllers\report.controller.js
FN:6,(anonymous_0)
FN:16,(anonymous_1)
FNF:2
FNH:0
FNDA:0,(anonymous_0)
FNDA:0,(anonymous_1)
DA:1,0
DA:2,0
DA:7,0
DA:8,0
DA:16,0
DA:18,0
DA:20,0
DA:26,0
DA:27,0
DA:36,0
LF:10
LH:0
BRDA:18,0,0,0
BRDA:18,0,1,0
BRF:2
BRH:0
end_of_record
TN:
SF:src\controllers\security.controller.js
FN:6,(anonymous_0)
FN:11,(anonymous_1)
FN:42,(anonymous_2)
FN:52,(anonymous_3)
FN:53,(anonymous_4)
FN:56,(anonymous_5)
FN:57,(anonymous_6)
FN:58,(anonymous_7)
FN:78,(anonymous_8)
FN:79,(anonymous_9)
FN:117,(anonymous_10)
FN:142,(anonymous_11)
FN:145,(anonymous_12)
FN:152,(anonymous_13)
FNF:14
FNH:0
FNDA:0,(anonymous_0)
FNDA:0,(anonymous_1)
FNDA:0,(anonymous_2)
FNDA:0,(anonymous_3)
FNDA:0,(anonymous_4)
FNDA:0,(anonymous_5)
FNDA:0,(anonymous_6)
FNDA:0,(anonymous_7)
FNDA:0,(anonymous_8)
FNDA:0,(anonymous_9)
FNDA:0,(anonymous_10)
FNDA:0,(anonymous_11)
FNDA:0,(anonymous_12)
FNDA:0,(anonymous_13)
DA:1,0
DA:2,0
DA:7,0
DA:8,0
DA:11,0
DA:12,0
DA:13,0
DA:16,0
DA:18,0
DA:19,0
DA:20,0
DA:25,0
DA:29,0
DA:43,0
DA:44,0
DA:47,0
DA:49,0
DA:51,0
DA:52,0
DA:53,0
DA:56,0
DA:57,0
DA:58,0
DA:61,0
DA:62,0
DA:63,0
DA:64,0
DA:65,0
DA:68,0
DA:69,0
DA:70,0
DA:71,0
DA:72,0
DA:73,0
DA:74,0
DA:78,0
DA:79,0
DA:82,0
DA:115,0
DA:117,0
DA:118,0
DA:119,0
DA:121,0
DA:122,0
DA:133,0
DA:134,0
DA:135,0
DA:137,0
DA:142,0
DA:145,0
DA:148,0
DA:149,0
DA:152,0
DA:165,0
DA:178,0
DA:185,0
DA:192,0
DA:193,0
DA:202,0
LF:59
LH:0
BRDA:18,0,0,0
BRDA:18,0,1,0
BRDA:49,1,0,0
BRDA:49,1,1,0
BRDA:56,2,0,0
BRDA:56,2,1,0
BRDA:57,3,0,0
BRDA:57,3,1,0
BRDA:58,4,0,0
BRDA:58,4,1,0
BRDA:69,5,0,0
BRDA:69,5,1,0
BRDA:69,6,0,0
BRDA:69,6,1,0
BRDA:71,7,0,0
BRDA:71,7,1,0
BRDA:71,8,0,0
BRDA:71,8,1,0
BRDA:73,9,0,0
BRDA:73,9,1,0
BRDA:73,10,0,0
BRDA:73,10,1,0
BRDA:85,11,0,0
BRDA:85,11,1,0
BRDA:90,12,0,0
BRDA:90,12,1,0
BRDA:95,13,0,0
BRDA:95,13,1,0
BRDA:100,14,0,0
BRDA:100,14,1,0
BRDA:105,15,0,0
BRDA:105,15,1,0
BRDA:110,16,0,0
BRDA:110,16,1,0
BRDA:119,17,0,0
BRDA:119,17,1,0
BRDA:121,18,0,0
BRDA:121,18,1,0
BRDA:134,19,0,0
BRDA:134,19,1,0
BRDA:144,20,0,0
BRDA:144,20,1,0
BRDA:156,21,0,0
BRDA:156,21,1,0
BRDA:161,22,0,0
BRDA:161,22,1,0
BRF:46
BRH:0
end_of_record
TN:
SF:src\controllers\settings.controller.js
FN:5,(anonymous_0)
FN:9,(anonymous_1)
FNF:2
FNH:0
FNDA:0,(anonymous_0)
FNDA:0,(anonymous_1)
DA:1,0
DA:6,0
DA:7,0
DA:9,0
DA:11,0
DA:17,0
DA:18,0
DA:27,0
LF:8
LH:0
BRF:0
BRH:0
end_of_record
TN:
SF:src\models\Alert.js
FNF:0
FNH:0
DA:1,2
DA:2,2
DA:4,2
DA:71,2
LF:4
LH:4
BRF:0
BRH:0
end_of_record
TN:
SF:src\models\AnalyticsData.js
FNF:0
FNH:0
DA:1,2
DA:2,2
DA:4,2
DA:47,2
LF:4
LH:4
BRF:0
BRH:0
end_of_record
TN:
SF:src\models\AuditLog.js
FNF:0
FNH:0
DA:1,2
DA:2,2
DA:4,2
DA:40,2
LF:4
LH:4
BRF:0
BRH:0
end_of_record
TN:
SF:src\models\Branch.js
FNF:0
FNH:0
DA:1,2
DA:2,2
DA:4,2
DA:60,2
LF:4
LH:4
BRF:0
BRH:0
end_of_record
TN:
SF:src\models\Camera.js
FNF:0
FNH:0
DA:1,2
DA:2,2
DA:4,2
DA:64,2
LF:4
LH:4
BRF:0
BRH:0
end_of_record
TN:
SF:src\models\CameraHealthMetrics.js
FNF:0
FNH:0
DA:1,2
DA:2,2
DA:4,2
DA:109,2
LF:4
LH:4
BRF:0
BRH:0
end_of_record
TN:
SF:src\models\ComplianceRequirement.js
FNF:0
FNH:0
DA:1,2
DA:2,2
DA:4,2
DA:56,2
LF:4
LH:4
BRF:0
BRH:0
end_of_record
TN:
SF:src\models\ComplianceResult.js
FNF:0
FNH:0
DA:1,2
DA:2,2
DA:4,2
DA:54,2
LF:4
LH:4
BRF:0
BRH:0
end_of_record
TN:
SF:src\models\NVR.js
FNF:0
FNH:0
DA:1,2
DA:2,2
DA:4,2
DA:67,2
LF:4
LH:4
BRF:0
BRH:0
end_of_record
TN:
SF:src\models\NVRHealthMetrics.js
FNF:0
FNH:0
DA:1,2
DA:2,2
DA:4,2
DA:142,2
LF:4
LH:4
BRF:0
BRH:0
end_of_record
TN:
SF:src\models\Region.js
FNF:0
FNH:0
DA:1,2
DA:2,2
DA:4,2
DA:40,2
LF:4
LH:4
BRF:0
BRH:0
end_of_record
TN:
SF:src\models\Report.js
FNF:0
FNH:0
DA:1,2
DA:2,2
DA:4,2
DA:61,2
LF:4
LH:4
BRF:0
BRH:0
end_of_record
TN:
SF:src\models\SecurityEvent.js
FNF:0
FNH:0
DA:1,2
DA:2,2
DA:4,2
DA:72,2
LF:4
LH:4
BRF:0
BRH:0
end_of_record
TN:
SF:src\models\SystemSetting.js
FNF:0
FNH:0
DA:1,2
DA:2,2
DA:4,2
DA:47,2
LF:4
LH:4
BRF:0
BRH:0
end_of_record
TN:
SF:src\models\User.js
FNF:0
FNH:0
DA:1,2
DA:2,2
DA:4,2
DA:47,2
LF:4
LH:4
BRF:0
BRH:0
end_of_record
TN:
SF:src\routes\alert.routes.js
FNF:0
FNH:0
DA:1,0
DA:2,0
DA:3,0
DA:6,0
DA:8,0
LF:5
LH:0
BRF:0
BRH:0
end_of_record
TN:
SF:src\routes\analytics.routes.js
FNF:0
FNH:0
DA:1,0
DA:2,0
DA:3,0
DA:6,0
DA:8,0
LF:5
LH:0
BRF:0
BRH:0
end_of_record
TN:
SF:src\routes\camera.routes.js
FNF:0
FNH:0
DA:1,0
DA:2,0
DA:3,0
DA:6,0
DA:10,0
DA:13,0
DA:16,0
DA:19,0
DA:21,0
LF:9
LH:0
BRF:0
BRH:0
end_of_record
TN:
SF:src\routes\compliance.routes.js
FNF:0
FNH:0
DA:1,0
DA:2,0
DA:3,0
DA:6,0
DA:8,0
LF:5
LH:0
BRF:0
BRH:0
end_of_record
TN:
SF:src\routes\dashboard.routes.js
FNF:0
FNH:0
DA:1,0
DA:2,0
DA:3,0
DA:6,0
DA:8,0
LF:5
LH:0
BRF:0
BRH:0
end_of_record
TN:
SF:src\routes\index.js
FNF:0
FNH:0
DA:1,0
DA:2,0
DA:5,0
DA:6,0
DA:7,0
DA:8,0
DA:9,0
DA:10,0
DA:11,0
DA:12,0
DA:13,0
DA:14,0
DA:15,0
DA:18,0
DA:19,0
DA:20,0
DA:21,0
DA:22,0
DA:23,0
DA:24,0
DA:25,0
DA:26,0
DA:27,0
DA:28,0
DA:30,0
LF:25
LH:0
BRF:0
BRH:0
end_of_record
TN:
SF:src\routes\map.routes.js
FNF:0
FNH:0
DA:1,0
DA:2,0
DA:3,0
DA:6,0
DA:8,0
LF:5
LH:0
BRF:0
BRH:0
end_of_record
TN:
SF:src\routes\nvr.routes.js
FNF:0
FNH:0
DA:1,0
DA:2,0
DA:3,0
DA:6,0
DA:10,0
DA:13,0
DA:15,0
LF:7
LH:0
BRF:0
BRH:0
end_of_record
TN:
SF:src\routes\profile.routes.js
FNF:0
FNH:0
DA:1,0
DA:2,0
DA:3,0
DA:6,0
DA:8,0
LF:5
LH:0
BRF:0
BRH:0
end_of_record
TN:
SF:src\routes\report.routes.js
FNF:0
FNH:0
DA:1,0
DA:2,0
DA:3,0
DA:6,0
DA:8,0
LF:5
LH:0
BRF:0
BRH:0
end_of_record
TN:
SF:src\routes\security.routes.js
FNF:0
FNH:0
DA:1,0
DA:2,0
DA:3,0
DA:6,0
DA:8,0
LF:5
LH:0
BRF:0
BRH:0
end_of_record
TN:
SF:src\routes\settings.routes.js
FNF:0
FNH:0
DA:1,0
DA:2,0
DA:3,0
DA:6,0
DA:8,0
LF:5
LH:0
BRF:0
BRH:0
end_of_record
